-------------------------------------------------------------------------------
Test set: com.frontend.trainingProyect.acceptancetests.AcceptanceTestSuite
-------------------------------------------------------------------------------
Tests run: 3, Failures: 1, Errors: 0, Skipped: 1, Time elapsed: 76.803 s <<< FAILURE! - in com.frontend.trainingProyect.acceptancetests.AcceptanceTestSuite
US1_Login - Login con datos incompletos  Time elapsed: 11.88 s  <<< FAILURE!
org.opentest4j.MultipleFailuresError: 
Multiple Failures (6 failures)
	io.cucumber.junit.UndefinedThrowable: The step "el usuario completa el campo email con su email" is undefined
	io.cucumber.junit.UndefinedThrowable: The step "selecciona el boton para inciar sesión" is undefined
	io.cucumber.junit.UndefinedThrowable: The step "el usuario visualiza el mensaje de error """ is undefined
	io.cucumber.junit.UndefinedThrowable: The step "el usuario completa el campo contraseña con su contraseña" is undefined
	io.cucumber.junit.UndefinedThrowable: The step "el usuario borra el contenido del campo email" is undefined
	io.cucumber.junit.UndefinedThrowable: The step "el usuario visualiza el mensaje de error """ is undefined

