-------------------------------------------------------------------------------
Test set: com.frontend.trainingProyect.acceptancetests.AcceptanceTestSuite
-------------------------------------------------------------------------------
Tests run: 1, Failures: 0, Errors: 1, Skipped: 0, Time elapsed: 0.264 s <<< FAILURE! - in com.frontend.trainingProyect.acceptancetests.AcceptanceTestSuite
com.frontend.trainingProyect.acceptancetests.AcceptanceTestSuite  Time elapsed: 0.263 s  <<< ERROR!
cucumber.runtime.CucumberException: Failed to instantiate public cucumber.runtime.java.JavaBackend(cucumber.runtime.io.ResourceLoader,io.cucumber.stepexpression.TypeRegistry) with [cucumber.runtime.io.MultiLoader@34997338, io.cucumber.stepexpression.TypeRegistry@57eda880]
Caused by: java.lang.reflect.InvocationTargetException
Caused by: java.lang.ClassCastException: java.lang.String cannot be cast to java.net.URI

